<?xml version="1.0" encoding="UTF-8"?>
<!-- Generated by org.testng.reporters.JUnitReportReporter -->
<testsuite hostname="home-laptop" failures="0" tests="1" name="com.healthcare.tests.AppointmentTest" time="17.473" errors="0" timestamp="2024-06-14T19:00:37 IST" skipped="0">
  <testcase classname="com.healthcare.tests.AppointmentTest" name="bookAppointmentTest" time="17.473"/>
</testsuite> <!-- com.healthcare.tests.AppointmentTest -->
