<?xml version="1.0" encoding="UTF-8"?>
<!-- Generated by org.testng.reporters.JUnitReportReporter -->
<testsuite hostname="home-laptop" failures="0" tests="2" name="com.healthcare.tests.LoginTest" time="191.144" errors="0" timestamp="2024-06-14T19:00:37 IST" skipped="0">
  <testcase classname="com.healthcare.tests.LoginTest" name="loginTestWithValidData" time="170.114"/>
  <testcase classname="com.healthcare.tests.LoginTest" name="loginTestWithInValidData" time="21.030"/>
</testsuite> <!-- com.healthcare.tests.LoginTest -->
